<?xml version="1.0" encoding="UTF-8"?><testsuite errors="0" failures="1" name="User" skipped="0" tests="3" time="31.65" timestamp="2021-02-11 11:06:23"><testcase name="Create no of user in a one request with Array"/><testcase name="Create no of user in a one request with list"/><testcase name="Create, Update, Delete and Fetch user information"><failure message="&#13;&#10;The following 6 assertions failed:&#13;&#10;1) expected:&lt;[19]L&gt; but was:&lt;[20]L&gt;&#13;&#10;at UserStepDefn.allow_to_fetch_the_user_details_by(UserStepDefn.java:68) expected:&lt;[19]L&gt; but was:&lt;[20]L&gt;&#13;&#10;2) expected:&lt;null&gt; but was:&lt;&quot;firstname&quot;&gt;&#13;&#10;at LoginAPISteps.compareUserInfo(LoginAPISteps.java:120) expected:&lt;null&gt; but was:&lt;&quot;firstname&quot;&gt;&#13;&#10;3) expected:&lt;null&gt; but was:&lt;&quot;lastname&quot;&gt;&#13;&#10;at LoginAPISteps.compareUserInfo(LoginAPISteps.java:121) expected:&lt;null&gt; but was:&lt;&quot;lastname&quot;&gt;&#13;&#10;4) expected:&lt;&quot;test[.user@testing].com&quot;&gt; but was:&lt;&quot;test[user@gmail].com&quot;&gt;&#13;&#10;at LoginAPISteps.compareUserInfo(LoginAPISteps.java:122) expected:&lt;&quot;test[.user@testing].com&quot;&gt; but was:&lt;&quot;test[user@gmail].com&quot;&gt;&#13;&#10;5) expected:&lt;&quot;[password]123&quot;&gt; but was:&lt;&quot;[test]123&quot;&gt;&#13;&#10;at LoginAPISteps.compareUserInfo(LoginAPISteps.java:123) expected:&lt;&quot;[password]123&quot;&gt; but was:&lt;&quot;[test]123&quot;&gt;&#13;&#10;6) expected:&lt;&quot;[07898889878]&quot;&gt; but was:&lt;&quot;[123456789]&quot;&gt;&#13;&#10;at LoginAPISteps.compareUserInfo(LoginAPISteps.java:124) expected:&lt;&quot;[07898889878]&quot;&gt; but was:&lt;&quot;[123456789]&quot;&gt;&#13;&#10;" type="java.lang.AssertionError">&#13;
The following 6 assertions failed:&#13;
1) expected:&lt;[19]L&gt; but was:&lt;[20]L&gt;&#13;
at UserStepDefn.allow_to_fetch_the_user_details_by(UserStepDefn.java:68) expected:&lt;[19]L&gt; but was:&lt;[20]L&gt;&#13;
2) expected:&lt;null&gt; but was:&lt;"firstname"&gt;&#13;
at LoginAPISteps.compareUserInfo(LoginAPISteps.java:120) expected:&lt;null&gt; but was:&lt;"firstname"&gt;&#13;
3) expected:&lt;null&gt; but was:&lt;"lastname"&gt;&#13;
at LoginAPISteps.compareUserInfo(LoginAPISteps.java:121) expected:&lt;null&gt; but was:&lt;"lastname"&gt;&#13;
4) expected:&lt;"test[.user@testing].com"&gt; but was:&lt;"test[user@gmail].com"&gt;&#13;
at LoginAPISteps.compareUserInfo(LoginAPISteps.java:122) expected:&lt;"test[.user@testing].com"&gt; but was:&lt;"test[user@gmail].com"&gt;&#13;
5) expected:&lt;"[password]123"&gt; but was:&lt;"[test]123"&gt;&#13;
at LoginAPISteps.compareUserInfo(LoginAPISteps.java:123) expected:&lt;"[password]123"&gt; but was:&lt;"[test]123"&gt;&#13;
6) expected:&lt;"[07898889878]"&gt; but was:&lt;"[123456789]"&gt;&#13;
at LoginAPISteps.compareUserInfo(LoginAPISteps.java:124) expected:&lt;"[07898889878]"&gt; but was:&lt;"[123456789]"&gt;&#13;
</failure><system-err>&#13;
The following 6 assertions failed:&#13;
1) expected:&lt;[19]L&gt; but was:&lt;[20]L&gt;&#13;
at UserStepDefn.allow_to_fetch_the_user_details_by(UserStepDefn.java:68) expected:&lt;[19]L&gt; but was:&lt;[20]L&gt;&#13;
2) expected:&lt;null&gt; but was:&lt;"firstname"&gt;&#13;
at LoginAPISteps.compareUserInfo(LoginAPISteps.java:120) expected:&lt;null&gt; but was:&lt;"firstname"&gt;&#13;
3) expected:&lt;null&gt; but was:&lt;"lastname"&gt;&#13;
at LoginAPISteps.compareUserInfo(LoginAPISteps.java:121) expected:&lt;null&gt; but was:&lt;"lastname"&gt;&#13;
4) expected:&lt;"test[.user@testing].com"&gt; but was:&lt;"test[user@gmail].com"&gt;&#13;
at LoginAPISteps.compareUserInfo(LoginAPISteps.java:122) expected:&lt;"test[.user@testing].com"&gt; but was:&lt;"test[user@gmail].com"&gt;&#13;
5) expected:&lt;"[password]123"&gt; but was:&lt;"[test]123"&gt;&#13;
at LoginAPISteps.compareUserInfo(LoginAPISteps.java:123) expected:&lt;"[password]123"&gt; but was:&lt;"[test]123"&gt;&#13;
6) expected:&lt;"[07898889878]"&gt; but was:&lt;"[123456789]"&gt;&#13;
at LoginAPISteps.compareUserInfo(LoginAPISteps.java:124) expected:&lt;"[07898889878]"&gt; but was:&lt;"[123456789]"&gt;&#13;
&#13;
com.serene.tests.features.steps.stepDefinition.UserStepDefn.tearDown(UserStepDefn.java:41)&#13;
cucumber.runner.UnskipableStep.executeStep(UnskipableStep.java:22)&#13;
cucumber.runner.Runner.runPickle(Runner.java:80)&#13;
</system-err></testcase></testsuite>